<?xml version="1.0" encoding="UTF-8"?>
<testng-results ignored="0" total="10" passed="10" failed="0" skipped="0">
  <reporter-output>
  </reporter-output>
  <suite started-at="2023-02-20T14:51:02 EST" name="Default suite" finished-at="2023-02-20T14:56:24 EST" duration-ms="322158">
    <groups>
      <group name="cucumber">
        <method signature="AbstractTestNGCucumberTests.runScenario(io.cucumber.testng.PickleWrapper, io.cucumber.testng.FeatureWrapper)[pri:0, instance:cucumberOptions.TestNGTestRunner@dbf57b3]" name="runScenario" class="io.cucumber.testng.AbstractTestNGCucumberTests"/>
      </group> <!-- cucumber -->
    </groups>
    <test started-at="2023-02-20T14:51:02 EST" name="Default test" finished-at="2023-02-20T14:56:24 EST" duration-ms="322158">
      <class name="cucumberOptions.TestNGTestRunner">
        <test-method is-config="true" signature="setUpClass()[pri:0, instance:cucumberOptions.TestNGTestRunner@dbf57b3]" started-at="2023-02-20T14:51:02 EST" name="setUpClass" finished-at="2023-02-20T14:51:03 EST" duration-ms="455" status="PASS">
          <reporter-output>
          </reporter-output>
        </test-method> <!-- setUpClass -->
        <test-method signature="runScenario(io.cucumber.testng.PickleWrapper, io.cucumber.testng.FeatureWrapper)[pri:0, instance:cucumberOptions.TestNGTestRunner@dbf57b3]" started-at="2023-02-20T14:51:03 EST" name="runScenario" description="Runs Cucumber Scenarios" data-provider="scenarios" finished-at="2023-02-20T14:51:34 EST" duration-ms="31240" status="PASS">
          <params>
            <param index="0">
              <value>
                <![CDATA["As a SPIN adminuser, I should to update concurrent session and email address of specific user."]]>
              </value>
            </param>
            <param index="1">
              <value>
                <![CDATA["Optional[Spin Application User Management Feature]"]]>
              </value>
            </param>
          </params>
          <reporter-output>
          </reporter-output>
        </test-method> <!-- runScenario -->
        <test-method signature="runScenario(io.cucumber.testng.PickleWrapper, io.cucumber.testng.FeatureWrapper)[pri:0, instance:cucumberOptions.TestNGTestRunner@dbf57b3]" started-at="2023-02-20T14:51:34 EST" name="runScenario" description="Runs Cucumber Scenarios" data-provider="scenarios" finished-at="2023-02-20T14:52:06 EST" duration-ms="31984" status="PASS">
          <params>
            <param index="0">
              <value>
                <![CDATA["As a SPIN adminuser, I should to update concurrent session and email address of specific user."]]>
              </value>
            </param>
            <param index="1">
              <value>
                <![CDATA["Optional[Spin Application User Management Feature]"]]>
              </value>
            </param>
          </params>
          <reporter-output>
          </reporter-output>
        </test-method> <!-- runScenario -->
        <test-method signature="runScenario(io.cucumber.testng.PickleWrapper, io.cucumber.testng.FeatureWrapper)[pri:0, instance:cucumberOptions.TestNGTestRunner@dbf57b3]" started-at="2023-02-20T14:52:06 EST" name="runScenario" description="Runs Cucumber Scenarios" data-provider="scenarios" finished-at="2023-02-20T14:52:41 EST" duration-ms="35372" status="PASS">
          <params>
            <param index="0">
              <value>
                <![CDATA["As a SPIN adminuser, I should to update concurrent session and email address of specific user."]]>
              </value>
            </param>
            <param index="1">
              <value>
                <![CDATA["Optional[Spin Application User Management Feature]"]]>
              </value>
            </param>
          </params>
          <reporter-output>
          </reporter-output>
        </test-method> <!-- runScenario -->
        <test-method signature="runScenario(io.cucumber.testng.PickleWrapper, io.cucumber.testng.FeatureWrapper)[pri:0, instance:cucumberOptions.TestNGTestRunner@dbf57b3]" started-at="2023-02-20T14:52:41 EST" name="runScenario" description="Runs Cucumber Scenarios" data-provider="scenarios" finished-at="2023-02-20T14:53:14 EST" duration-ms="32349" status="PASS">
          <params>
            <param index="0">
              <value>
                <![CDATA["As a SPIN adminuser, I should to update concurrent session and email address of specific user."]]>
              </value>
            </param>
            <param index="1">
              <value>
                <![CDATA["Optional[Spin Application User Management Feature]"]]>
              </value>
            </param>
          </params>
          <reporter-output>
          </reporter-output>
        </test-method> <!-- runScenario -->
        <test-method signature="runScenario(io.cucumber.testng.PickleWrapper, io.cucumber.testng.FeatureWrapper)[pri:0, instance:cucumberOptions.TestNGTestRunner@dbf57b3]" started-at="2023-02-20T14:53:14 EST" name="runScenario" description="Runs Cucumber Scenarios" data-provider="scenarios" finished-at="2023-02-20T14:53:45 EST" duration-ms="31522" status="PASS">
          <params>
            <param index="0">
              <value>
                <![CDATA["As a SPIN adminuser, I should to update concurrent session and email address of specific user."]]>
              </value>
            </param>
            <param index="1">
              <value>
                <![CDATA["Optional[Spin Application User Management Feature]"]]>
              </value>
            </param>
          </params>
          <reporter-output>
          </reporter-output>
        </test-method> <!-- runScenario -->
        <test-method signature="runScenario(io.cucumber.testng.PickleWrapper, io.cucumber.testng.FeatureWrapper)[pri:0, instance:cucumberOptions.TestNGTestRunner@dbf57b3]" started-at="2023-02-20T14:53:45 EST" name="runScenario" description="Runs Cucumber Scenarios" data-provider="scenarios" finished-at="2023-02-20T14:54:15 EST" duration-ms="30197" status="PASS">
          <params>
            <param index="0">
              <value>
                <![CDATA["As a SPIN adminuser, I should to update concurrent session and email address of specific user."]]>
              </value>
            </param>
            <param index="1">
              <value>
                <![CDATA["Optional[Spin Application User Management Feature]"]]>
              </value>
            </param>
          </params>
          <reporter-output>
          </reporter-output>
        </test-method> <!-- runScenario -->
        <test-method signature="runScenario(io.cucumber.testng.PickleWrapper, io.cucumber.testng.FeatureWrapper)[pri:0, instance:cucumberOptions.TestNGTestRunner@dbf57b3]" started-at="2023-02-20T14:54:15 EST" name="runScenario" description="Runs Cucumber Scenarios" data-provider="scenarios" finished-at="2023-02-20T14:54:49 EST" duration-ms="33472" status="PASS">
          <params>
            <param index="0">
              <value>
                <![CDATA["As a SPIN adminuser, I should to update concurrent session and email address of specific user."]]>
              </value>
            </param>
            <param index="1">
              <value>
                <![CDATA["Optional[Spin Application User Management Feature]"]]>
              </value>
            </param>
          </params>
          <reporter-output>
          </reporter-output>
        </test-method> <!-- runScenario -->
        <test-method signature="runScenario(io.cucumber.testng.PickleWrapper, io.cucumber.testng.FeatureWrapper)[pri:0, instance:cucumberOptions.TestNGTestRunner@dbf57b3]" started-at="2023-02-20T14:54:49 EST" name="runScenario" description="Runs Cucumber Scenarios" data-provider="scenarios" finished-at="2023-02-20T14:55:21 EST" duration-ms="32528" status="PASS">
          <params>
            <param index="0">
              <value>
                <![CDATA["As a SPIN adminuser, I should to update concurrent session and email address of specific user."]]>
              </value>
            </param>
            <param index="1">
              <value>
                <![CDATA["Optional[Spin Application User Management Feature]"]]>
              </value>
            </param>
          </params>
          <reporter-output>
          </reporter-output>
        </test-method> <!-- runScenario -->
        <test-method signature="runScenario(io.cucumber.testng.PickleWrapper, io.cucumber.testng.FeatureWrapper)[pri:0, instance:cucumberOptions.TestNGTestRunner@dbf57b3]" started-at="2023-02-20T14:55:21 EST" name="runScenario" description="Runs Cucumber Scenarios" data-provider="scenarios" finished-at="2023-02-20T14:55:51 EST" duration-ms="30148" status="PASS">
          <params>
            <param index="0">
              <value>
                <![CDATA["As a SPIN adminuser, I should to update concurrent session and email address of specific user."]]>
              </value>
            </param>
            <param index="1">
              <value>
                <![CDATA["Optional[Spin Application User Management Feature]"]]>
              </value>
            </param>
          </params>
          <reporter-output>
          </reporter-output>
        </test-method> <!-- runScenario -->
        <test-method signature="runScenario(io.cucumber.testng.PickleWrapper, io.cucumber.testng.FeatureWrapper)[pri:0, instance:cucumberOptions.TestNGTestRunner@dbf57b3]" started-at="2023-02-20T14:55:51 EST" name="runScenario" description="Runs Cucumber Scenarios" data-provider="scenarios" finished-at="2023-02-20T14:56:24 EST" duration-ms="32363" status="PASS">
          <params>
            <param index="0">
              <value>
                <![CDATA["As a SPIN adminuser, I should to update concurrent session and email address of specific user."]]>
              </value>
            </param>
            <param index="1">
              <value>
                <![CDATA["Optional[Spin Application User Management Feature]"]]>
              </value>
            </param>
          </params>
          <reporter-output>
          </reporter-output>
        </test-method> <!-- runScenario -->
        <test-method is-config="true" signature="tearDownClass()[pri:0, instance:cucumberOptions.TestNGTestRunner@dbf57b3]" started-at="2023-02-20T14:56:24 EST" name="tearDownClass" finished-at="2023-02-20T14:56:24 EST" duration-ms="486" status="PASS">
          <reporter-output>
          </reporter-output>
        </test-method> <!-- tearDownClass -->
      </class> <!-- cucumberOptions.TestNGTestRunner -->
    </test> <!-- Default test -->
  </suite> <!-- Default suite -->
</testng-results>
